Your Requested /api/login ||Error: Your Requested /api/login 
    at CreateError (E:\Laragon\www\mern\pos\server\src\utility\ErrorHandler.js:6:13)
    at NotFoundError (E:\Laragon\www\mern\pos\server\src\utility\ErrorHandler.js:14:17)
    at Layer.handle [as handle_request] (E:\Laragon\www\mern\pos\server\node_modules\express\lib\router\layer.js:95:5)
    at trim_prefix (E:\Laragon\www\mern\pos\server\node_modules\express\lib\router\index.js:328:13)
    at E:\Laragon\www\mern\pos\server\node_modules\express\lib\router\index.js:286:9
    at Function.process_params (E:\Laragon\www\mern\pos\server\node_modules\express\lib\router\index.js:346:12)
    at next (E:\Laragon\www\mern\pos\server\node_modules\express\lib\router\index.js:280:10)
    at E:\Laragon\www\mern\pos\server\node_modules\express\lib\router\index.js:646:15
    at next (E:\Laragon\www\mern\pos\server\node_modules\express\lib\router\index.js:265:14)
    at Function.handle (E:\Laragon\www\mern\pos\server\node_modules\express\lib\router\index.js:175:3)||Tue Oct 08 2024 02:01:40 GMT+0600 (Bangladesh Standard Time)
Your Requested /api/registration ||Error: Your Requested /api/registration 
    at CreateError (E:\Laragon\www\mern\pos\server\src\utility\ErrorHandler.js:6:13)
    at NotFoundError (E:\Laragon\www\mern\pos\server\src\utility\ErrorHandler.js:14:17)
    at Layer.handle [as handle_request] (E:\Laragon\www\mern\pos\server\node_modules\express\lib\router\layer.js:95:5)
    at trim_prefix (E:\Laragon\www\mern\pos\server\node_modules\express\lib\router\index.js:328:13)
    at E:\Laragon\www\mern\pos\server\node_modules\express\lib\router\index.js:286:9
    at Function.process_params (E:\Laragon\www\mern\pos\server\node_modules\express\lib\router\index.js:346:12)
    at next (E:\Laragon\www\mern\pos\server\node_modules\express\lib\router\index.js:280:10)
    at E:\Laragon\www\mern\pos\server\node_modules\express\lib\router\index.js:646:15
    at next (E:\Laragon\www\mern\pos\server\node_modules\express\lib\router\index.js:265:14)
    at Function.handle (E:\Laragon\www\mern\pos\server\node_modules\express\lib\router\index.js:175:3)||Tue Oct 08 2024 13:14:13 GMT+0600 (Bangladesh Standard Time)
Your Requested /api/registration ||Error: Your Requested /api/registration 
    at CreateError (E:\Laragon\www\mern\pos\server\src\utility\ErrorHandler.js:6:13)
    at NotFoundError (E:\Laragon\www\mern\pos\server\src\utility\ErrorHandler.js:14:17)
    at Layer.handle [as handle_request] (E:\Laragon\www\mern\pos\server\node_modules\express\lib\router\layer.js:95:5)
    at trim_prefix (E:\Laragon\www\mern\pos\server\node_modules\express\lib\router\index.js:328:13)
    at E:\Laragon\www\mern\pos\server\node_modules\express\lib\router\index.js:286:9
    at Function.process_params (E:\Laragon\www\mern\pos\server\node_modules\express\lib\router\index.js:346:12)
    at next (E:\Laragon\www\mern\pos\server\node_modules\express\lib\router\index.js:280:10)
    at E:\Laragon\www\mern\pos\server\node_modules\express\lib\router\index.js:646:15
    at next (E:\Laragon\www\mern\pos\server\node_modules\express\lib\router\index.js:265:14)
    at Function.handle (E:\Laragon\www\mern\pos\server\node_modules\express\lib\router\index.js:175:3)||Tue Oct 08 2024 13:15:03 GMT+0600 (Bangladesh Standard Time)
Your Requested /api/registration ||Error: Your Requested /api/registration 
    at CreateError (E:\Laragon\www\mern\pos\server\src\utility\ErrorHandler.js:6:13)
    at NotFoundError (E:\Laragon\www\mern\pos\server\src\utility\ErrorHandler.js:14:17)
    at Layer.handle [as handle_request] (E:\Laragon\www\mern\pos\server\node_modules\express\lib\router\layer.js:95:5)
    at trim_prefix (E:\Laragon\www\mern\pos\server\node_modules\express\lib\router\index.js:328:13)
    at E:\Laragon\www\mern\pos\server\node_modules\express\lib\router\index.js:286:9
    at Function.process_params (E:\Laragon\www\mern\pos\server\node_modules\express\lib\router\index.js:346:12)
    at next (E:\Laragon\www\mern\pos\server\node_modules\express\lib\router\index.js:280:10)
    at E:\Laragon\www\mern\pos\server\node_modules\express\lib\router\index.js:646:15
    at next (E:\Laragon\www\mern\pos\server\node_modules\express\lib\router\index.js:265:14)
    at Function.handle (E:\Laragon\www\mern\pos\server\node_modules\express\lib\router\index.js:175:3)||Tue Oct 08 2024 13:16:09 GMT+0600 (Bangladesh Standard Time)
Your Requested /api/registration ||Error: Your Requested /api/registration 
    at CreateError (E:\Laragon\www\mern\pos\server\src\utility\ErrorHandler.js:6:13)
    at NotFoundError (E:\Laragon\www\mern\pos\server\src\utility\ErrorHandler.js:14:17)
    at Layer.handle [as handle_request] (E:\Laragon\www\mern\pos\server\node_modules\express\lib\router\layer.js:95:5)
    at trim_prefix (E:\Laragon\www\mern\pos\server\node_modules\express\lib\router\index.js:328:13)
    at E:\Laragon\www\mern\pos\server\node_modules\express\lib\router\index.js:286:9
    at Function.process_params (E:\Laragon\www\mern\pos\server\node_modules\express\lib\router\index.js:346:12)
    at next (E:\Laragon\www\mern\pos\server\node_modules\express\lib\router\index.js:280:10)
    at E:\Laragon\www\mern\pos\server\node_modules\express\lib\router\index.js:646:15
    at next (E:\Laragon\www\mern\pos\server\node_modules\express\lib\router\index.js:265:14)
    at Function.handle (E:\Laragon\www\mern\pos\server\node_modules\express\lib\router\index.js:175:3)||Tue Oct 08 2024 13:25:18 GMT+0600 (Bangladesh Standard Time)
Your Requested /api/login ||Error: Your Requested /api/login 
    at CreateError (E:\Laragon\www\mern\pos\server\src\utility\ErrorHandler.js:6:13)
    at NotFoundError (E:\Laragon\www\mern\pos\server\src\utility\ErrorHandler.js:14:17)
    at Layer.handle [as handle_request] (E:\Laragon\www\mern\pos\server\node_modules\express\lib\router\layer.js:95:5)
    at trim_prefix (E:\Laragon\www\mern\pos\server\node_modules\express\lib\router\index.js:328:13)
    at E:\Laragon\www\mern\pos\server\node_modules\express\lib\router\index.js:286:9
    at Function.process_params (E:\Laragon\www\mern\pos\server\node_modules\express\lib\router\index.js:346:12)
    at next (E:\Laragon\www\mern\pos\server\node_modules\express\lib\router\index.js:280:10)
    at E:\Laragon\www\mern\pos\server\node_modules\express\lib\router\index.js:646:15
    at next (E:\Laragon\www\mern\pos\server\node_modules\express\lib\router\index.js:265:14)
    at Function.handle (E:\Laragon\www\mern\pos\server\node_modules\express\lib\router\index.js:175:3)||Tue Oct 08 2024 13:33:56 GMT+0600 (Bangladesh Standard Time)
email is not defined||ReferenceError: email is not defined
    at module.exports (E:\Laragon\www\mern\pos\server\src\middlewares\AuthVerification.js:7:29)
    at Layer.handle [as handle_request] (E:\Laragon\www\mern\pos\server\node_modules\express\lib\router\layer.js:95:5)
    at next (E:\Laragon\www\mern\pos\server\node_modules\express\lib\router\route.js:149:13)
    at Route.dispatch (E:\Laragon\www\mern\pos\server\node_modules\express\lib\router\route.js:119:3)
    at Layer.handle [as handle_request] (E:\Laragon\www\mern\pos\server\node_modules\express\lib\router\layer.js:95:5)
    at E:\Laragon\www\mern\pos\server\node_modules\express\lib\router\index.js:284:15
    at Function.process_params (E:\Laragon\www\mern\pos\server\node_modules\express\lib\router\index.js:346:12)
    at next (E:\Laragon\www\mern\pos\server\node_modules\express\lib\router\index.js:280:10)
    at Function.handle (E:\Laragon\www\mern\pos\server\node_modules\express\lib\router\index.js:175:3)
    at router (E:\Laragon\www\mern\pos\server\node_modules\express\lib\router\index.js:47:12)||Tue Oct 08 2024 14:09:13 GMT+0600 (Bangladesh Standard Time)
